#
# There is insufficient memory for the Java Runtime Environment to continue.
# Native memory allocation (malloc) failed to allocate 1048576 bytes for AllocateHeap
# Possible reasons:
#   The system is out of physical RAM or swap space
#   In 32 bit mode, the process size limit was hit
# Possible solutions:
#   Reduce memory load on the system
#   Increase physical memory or swap space
#   Check if swap backing store is full
#   Use 64 bit Java on a 64 bit OS
#   Decrease Java heap size (-Xmx/-Xms)
#   Decrease number of Java threads
#   Decrease Java thread stack sizes (-Xss)
#   Set larger code cache with -XX:ReservedCodeCacheSize=
# This output file may be truncated or incomplete.
#
#  Out of Memory Error (memory/allocation.inline.hpp:61), pid=11860, tid=0x0000000000001aac
#
# JRE version:  (8.0_121-b13) (build )
# Java VM: Java HotSpot(TM) 64-Bit Server VM (25.121-b13 mixed mode windows-amd64 compressed oops)
# Failed to write core dump. Minidumps are not enabled by default on client versions of Windows
#

---------------  T H R E A D  ---------------

Current thread (0x0000000002cdd800):  JavaThread "Unknown thread" [_thread_in_vm, id=6828, stack(0x0000000002a50000,0x0000000002b50000)]

Stack: [0x0000000002a50000,0x0000000002b50000]
[error occurred during error reporting (printing stack bounds), id 0xc0000005]

Native frames: (J=compiled Java code, j=interpreted, Vv=VM code, C=native code)


---------------  P R O C E S S  ---------------

Java Threads: ( => current thread )

Other Threads:

=>0x0000000002cdd800 (exited) JavaThread "Unknown thread" [_thread_in_vm, id=6828, stack(0x0000000002a50000,0x0000000002b50000)]

VM state:not at safepoint (normal execution)

VM Mutex/Monitor currently owned by a thread: None

Heap:
 PSYoungGen      total 33280K, used 573K [0x00000000dad80000, 0x00000000dd280000, 0x0000000100000000)
  eden space 28672K, 2% used [0x00000000dad80000,0x00000000dae0f5d0,0x00000000dc980000)
  from space 4608K, 0% used [0x00000000dce00000,0x00000000dce00000,0x00000000dd280000)
  to   space 4608K, 0% used [0x00000000dc980000,0x00000000dc980000,0x00000000dce00000)
 ParOldGen       total 76800K, used 0K [0x0000000090800000, 0x0000000095300000, 0x00000000dad80000)
  object space 76800K, 0% used [0x0000000090800000,0x0000000090800000,0x0000000095300000)
 Metaspace       used 770K, capacity 4480K, committed 4480K, reserved 1056768K
  class space    used 75K, capacity 384K, committed 384K, reserved 1048576K

Card table byte_map: [0x00000000120a0000,0x0000000012420000] byte_map_base: 0x0000000011c1c000

Marking Bits: (ParMarkBitMap*) 0x000000006a39b6d0
 Begin Bits: [0x0000000012a80000, 0x0000000014660000)
 End Bits:   [0x0000000014660000, 0x0000000016240000)

Polling page: 0x0000000000e70000

CodeCache: size=245760Kb used=327Kb max_used=327Kb free=245432Kb
 bounds [0x0000000002ce0000, 0x0000000002f50000, 0x0000000011ce0000]
 total_blobs=57 nmethods=0 adapters=38
 compilation: enabled

Compilation events (0 events):
No events

GC Heap History (0 events):
No events

Deoptimization events (0 events):
No events

Internal exceptions (0 events):
No events

Events (10 events):
Event: 0.059 loading class java/lang/Short
Event: 0.059 loading class java/lang/Short done
Event: 0.059 loading class java/lang/Integer
Event: 0.059 loading class java/lang/Integer done
Event: 0.059 loading class java/lang/Long
Event: 0.060 loading class java/lang/Long done
Event: 0.062 loading class java/lang/NullPointerException
Event: 0.062 loading class java/lang/NullPointerException done
Event: 0.062 loading class java/lang/ArithmeticException
Event: 0.062 loading class java/lang/ArithmeticException done


Dynamic libraries:
0x00007ff6ed160000 - 0x00007ff6ed197000 	C:\Program Files\Java\jdk1.8.0_121\bin\java.exe
0x00007ff8a6a80000 - 0x00007ff8a6c70000 	C:\WINDOWS\SYSTEM32\ntdll.dll
0x00007ff8a62a0000 - 0x00007ff8a6352000 	C:\WINDOWS\System32\KERNEL32.DLL
0x00007ff8a42a0000 - 0x00007ff8a4545000 	C:\WINDOWS\System32\KERNELBASE.dll
0x00007ff8a4c40000 - 0x00007ff8a4ce3000 	C:\WINDOWS\System32\ADVAPI32.dll
0x00007ff8a6440000 - 0x00007ff8a64de000 	C:\WINDOWS\System32\msvcrt.dll
0x00007ff8a53e0000 - 0x00007ff8a5477000 	C:\WINDOWS\System32\sechost.dll
0x00007ff8a5630000 - 0x00007ff8a5750000 	C:\WINDOWS\System32\RPCRT4.dll
0x00007ff8a5bb0000 - 0x00007ff8a5d44000 	C:\WINDOWS\System32\USER32.dll
0x00007ff8a4180000 - 0x00007ff8a41a1000 	C:\WINDOWS\System32\win32u.dll
0x00007ff8a6360000 - 0x00007ff8a6386000 	C:\WINDOWS\System32\GDI32.dll
0x00007ff8a4680000 - 0x00007ff8a4816000 	C:\WINDOWS\System32\gdi32full.dll
0x00007ff8a41b0000 - 0x00007ff8a424e000 	C:\WINDOWS\System32\msvcp_win.dll
0x00007ff8a4580000 - 0x00007ff8a467a000 	C:\WINDOWS\System32\ucrtbase.dll
0x00007ff893050000 - 0x00007ff8932d4000 	C:\WINDOWS\WinSxS\amd64_microsoft.windows.common-controls_6595b64144ccf1df_6.0.18362.1256_none_9e7e379be45e40e2\COMCTL32.dll
0x00007ff8a5f60000 - 0x00007ff8a6296000 	C:\WINDOWS\System32\combase.dll
0x00007ff8a4820000 - 0x00007ff8a48a1000 	C:\WINDOWS\System32\bcryptPrimitives.dll
0x00007ff8a63b0000 - 0x00007ff8a63de000 	C:\WINDOWS\System32\IMM32.DLL
0x000000006b900000 - 0x000000006b9d2000 	C:\Program Files\Java\jdk1.8.0_121\jre\bin\msvcr100.dll
0x0000000069b80000 - 0x000000006a41b000 	C:\Program Files\Java\jdk1.8.0_121\jre\bin\server\jvm.dll
0x00007ff8a5750000 - 0x00007ff8a5758000 	C:\WINDOWS\System32\PSAPI.DLL
0x00007ff8a1980000 - 0x00007ff8a19a4000 	C:\WINDOWS\SYSTEM32\WINMM.dll
0x00007ff89d960000 - 0x00007ff89d969000 	C:\WINDOWS\SYSTEM32\WSOCK32.dll
0x00007ff89c320000 - 0x00007ff89c32a000 	C:\WINDOWS\SYSTEM32\VERSION.dll
0x00007ff8a5d50000 - 0x00007ff8a5dbf000 	C:\WINDOWS\System32\WS2_32.dll
0x00007ff8a1950000 - 0x00007ff8a197d000 	C:\WINDOWS\SYSTEM32\winmmbase.dll
0x00007ff8a4250000 - 0x00007ff8a429a000 	C:\WINDOWS\System32\cfgmgr32.dll
0x000000006b8b0000 - 0x000000006b8bf000 	C:\Program Files\Java\jdk1.8.0_121\jre\bin\verify.dll
0x0000000069b50000 - 0x0000000069b79000 	C:\Program Files\Java\jdk1.8.0_121\jre\bin\java.dll
0x0000000069b30000 - 0x0000000069b46000 	C:\Program Files\Java\jdk1.8.0_121\jre\bin\zip.dll

VM Arguments:
jvm_args: -Dfile.encoding=UTF-8 
java_command: frontend.testBackground
java_class_path (initial): C:\Program Files\NetBeans 8.2\ide\modules\ext\mysql-connector-java-5.1.23-bin.jar;C:\Program Files\NetBeans 8.2\java\modules\ext\AbsoluteLayout.jar;D:\TA\tavern\build\classes
Launcher Type: SUN_STANDARD

Environment Variables:
PATH=C:\Program Files (x86)\Common Files\Intel\Shared Files\cpp\bin\Intel64;C:\ProgramData\Oracle\Java\javapath;C:\WINDOWS\system32;C:\WINDOWS;C:\WINDOWS\System32\Wbem;C:\WINDOWS\System32\WindowsPowerShell\v1.0\;c:\Program Files (x86)\Microsoft SQL Server\100\Tools\Binn\;c:\Program Files\Microsoft SQL Server\100\Tools\Binn\;c:\Program Files\Microsoft SQL Server\100\DTS\Binn\;C:\Program Files (x86)\AMD\ATI.ACE\Core-Static;C:\Program Files\Java\jdk1.8.0_121\bin;C:\Users\SIGMA\AppData\Local\Android\sdk\platform-tools;C:\Program Files\nodejs\;C:\WINDOWS\System32\OpenSSH\;C:\Program Files (x86)\Yarn\bin\;C:\Program Files\Microsoft SQL Server\Client SDK\ODBC\130\Tools\Binn\;C:\Program Files (x86)\Microsoft SQL Server\140\Tools\Binn\;C:\Program Files\Microsoft SQL Server\140\Tools\Binn\;C:\Program Files\Microsoft SQL Server\140\DTS\Binn\;C:\xampp\php;C:\ProgramData\ComposerSetup\bin;C:\Program Files (x86)\Microsoft SQL Server\150\DTS\Binn\;C:\Users\SIGMA\AppData\Roaming\Composer\vendor\bin;C:\Program Files\PuTTY\;C:\xampp\mysql\bin;C:\Program Files\Git\cmd;C:\Users\SIGMA\AppData\Local\Microsoft\WindowsApps;C:\Users\SIGMA\AppData\Roaming\npm;C:\Users\SIGMA\AppData\Local\Programs\Microsoft VS Code\bin;C:\Users\SIGMA\AppData\Local\Yarn\bin;C:\xampp\php;C:\Users\SIGMA\AppData\Roaming\Composer\vendor\bin
USERNAME=SIGMA
OS=Windows_NT
PROCESSOR_IDENTIFIER=AMD64 Family 22 Model 48 Stepping 1, AuthenticAMD



---------------  S Y S T E M  ---------------

OS: Windows 10.0 , 64 bit Build 18362 (10.0.18362.1110)

CPU:total 4 (4 cores per cpu, 1 threads per core) family 22 model 48 stepping 1, cmov, cx8, fxsr, mmx, sse, sse2, sse3, ssse3, sse4.1, sse4.2, popcnt, avx, aes, clmul, mmxext, 3dnowpref, lzcnt, sse4a, tsc, tscinvbit, tscinv, bmi1

Memory: 4k page, physical 7303540k(2183152k free), swap 20039536k(4712k free)

vm_info: Java HotSpot(TM) 64-Bit Server VM (25.121-b13) for windows-amd64 JRE (1.8.0_121-b13), built on Dec 12 2016 18:21:36 by "java_re" with MS VC++ 10.0 (VS2010)

time: Mon Jan 11 09:13:42 2021
elapsed time: 0 seconds (0d 0h 0m 0s)

