#
# There is insufficient memory for the Java Runtime Environment to continue.
# Native memory allocation (malloc) failed to allocate 256096 bytes for Chunk::new
# Possible reasons:
#   The system is out of physical RAM or swap space
#   In 32 bit mode, the process size limit was hit
# Possible solutions:
#   Reduce memory load on the system
#   Increase physical memory or swap space
#   Check if swap backing store is full
#   Use 64 bit Java on a 64 bit OS
#   Decrease Java heap size (-Xmx/-Xms)
#   Decrease number of Java threads
#   Decrease Java thread stack sizes (-Xss)
#   Set larger code cache with -XX:ReservedCodeCacheSize=
# This output file may be truncated or incomplete.
#
#  Out of Memory Error (allocation.cpp:390), pid=1036, tid=0x00000000000032f8
#
# JRE version: Java(TM) SE Runtime Environment (8.0_121-b13) (build 1.8.0_121-b13)
# Java VM: Java HotSpot(TM) 64-Bit Server VM (25.121-b13 mixed mode windows-amd64 compressed oops)
# Failed to write core dump. Minidumps are not enabled by default on client versions of Windows
#

---------------  T H R E A D  ---------------

Current thread (0x0000000017596000):  JavaThread "C2 CompilerThread1" daemon [_thread_in_native, id=13048, stack(0x0000000018df0000,0x0000000018ef0000)]

Stack: [0x0000000018df0000,0x0000000018ef0000]
[error occurred during error reporting (printing stack bounds), id 0xc0000005]

Native frames: (J=compiled Java code, j=interpreted, Vv=VM code, C=native code)


Current CompileTask:
C2:   1609  410       4       sun.awt.image.PNGImageDecoder::filterRow (459 bytes)


---------------  P R O C E S S  ---------------

Java Threads: ( => current thread )
  0x000000001a0ca800 JavaThread "TimerQueue" daemon [_thread_blocked, id=17256, stack(0x0000000020070000,0x0000000020170000)]
  0x000000001a089800 JavaThread "Image Fetcher 0" daemon [_thread_in_Java, id=6536, stack(0x000000001fe70000,0x000000001ff70000)]
  0x000000000310d800 JavaThread "DestroyJavaVM" [_thread_blocked, id=8456, stack(0x0000000003110000,0x0000000003210000)]
  0x000000001a050000 JavaThread "AWT-EventQueue-0" [_thread_blocked, id=14444, stack(0x000000001a800000,0x000000001a900000)]
  0x00000000192e3800 JavaThread "AWT-Windows" daemon [_thread_in_native, id=4460, stack(0x0000000019930000,0x0000000019a30000)]
  0x00000000192e0800 JavaThread "AWT-Shutdown" [_thread_blocked, id=16456, stack(0x0000000019830000,0x0000000019930000)]
  0x00000000192df000 JavaThread "Java2D Disposer" daemon [_thread_blocked, id=2752, stack(0x0000000019730000,0x0000000019830000)]
  0x00000000175ee800 JavaThread "Service Thread" daemon [_thread_blocked, id=5612, stack(0x00000000193f0000,0x00000000194f0000)]
  0x0000000018ef8800 JavaThread "C1 CompilerThread2" daemon [_thread_blocked, id=6140, stack(0x00000000192f0000,0x00000000193f0000)]
=>0x0000000017596000 JavaThread "C2 CompilerThread1" daemon [_thread_in_native, id=13048, stack(0x0000000018df0000,0x0000000018ef0000)]
  0x000000001758f800 JavaThread "C2 CompilerThread0" daemon [_thread_blocked, id=7860, stack(0x0000000018cf0000,0x0000000018df0000)]
  0x000000001758d800 JavaThread "Attach Listener" daemon [_thread_blocked, id=15644, stack(0x0000000018bf0000,0x0000000018cf0000)]
  0x000000001758c000 JavaThread "Signal Dispatcher" daemon [_thread_blocked, id=6820, stack(0x0000000018af0000,0x0000000018bf0000)]
  0x000000000330a000 JavaThread "Finalizer" daemon [_thread_blocked, id=17188, stack(0x00000000187f0000,0x00000000188f0000)]
  0x0000000003301000 JavaThread "Reference Handler" daemon [_thread_blocked, id=10792, stack(0x00000000186f0000,0x00000000187f0000)]

Other Threads:
  0x0000000017557000 VMThread [stack: 0x00000000185f0000,0x00000000186f0000] [id=14752]
  0x0000000018f1e800 WatcherThread [stack: 0x00000000194f0000,0x00000000195f0000] [id=16944]

VM state:not at safepoint (normal execution)

VM Mutex/Monitor currently owned by a thread: None

Heap:
 PSYoungGen      total 33280K, used 8174K [0x00000000dad80000, 0x00000000dd280000, 0x0000000100000000)
  eden space 28672K, 28% used [0x00000000dad80000,0x00000000db57b940,0x00000000dc980000)
  from space 4608K, 0% used [0x00000000dce00000,0x00000000dce00000,0x00000000dd280000)
  to   space 4608K, 0% used [0x00000000dc980000,0x00000000dc980000,0x00000000dce00000)
 ParOldGen       total 76800K, used 0K [0x0000000090800000, 0x0000000095300000, 0x00000000dad80000)
  object space 76800K, 0% used [0x0000000090800000,0x0000000090800000,0x0000000095300000)
 Metaspace       used 10561K, capacity 10730K, committed 11008K, reserved 1058816K
  class space    used 1375K, capacity 1443K, committed 1536K, reserved 1048576K

Card table byte_map: [0x00000000126d0000,0x0000000012a50000] byte_map_base: 0x000000001224c000

Marking Bits: (ParMarkBitMap*) 0x000000006a39b6d0
 Begin Bits: [0x00000000130b0000, 0x0000000014c90000)
 End Bits:   [0x0000000014c90000, 0x0000000016870000)

Polling page: 0x00000000013d0000

CodeCache: size=245760Kb used=1978Kb max_used=1991Kb free=243781Kb
 bounds [0x0000000003310000, 0x0000000003580000, 0x0000000012310000]
 total_blobs=856 nmethods=409 adapters=361
 compilation: enabled

Compilation events (10 events):
Event: 1.554 Thread 0x0000000018ef8800 nmethod 405 0x00000000034fb810 code [0x00000000034fba60, 0x00000000034fc808]
Event: 1.556 Thread 0x0000000018ef8800  406       1       sun.awt.image.FileImageSource::checkSecurity (2 bytes)
Event: 1.556 Thread 0x0000000018ef8800 nmethod 406 0x00000000034fd790 code [0x00000000034fd8e0, 0x00000000034fd9f0]
Event: 1.558 Thread 0x000000001758f800  407 %     4       sun.awt.image.PNGImageDecoder::filterRow @ 249 (459 bytes)
Event: 1.566 Thread 0x0000000018ef8800  408   !   3       sun.awt.image.ImageDecoder::nextConsumer (69 bytes)
Event: 1.567 Thread 0x0000000018ef8800 nmethod 408 0x00000000034fda50 code [0x00000000034fdbe0, 0x00000000034fe110]
Event: 1.581 Thread 0x0000000018ef8800  409       1       sun.awt.image.ImageWatched$Link::newInfo (2 bytes)
Event: 1.581 Thread 0x0000000018ef8800 nmethod 409 0x00000000034fe2d0 code [0x00000000034fe420, 0x00000000034fe530]
Event: 1.583 Thread 0x000000001758f800 nmethod 407% 0x0000000003501850 code [0x00000000035019a0, 0x0000000003502058]
Event: 1.584 Thread 0x0000000017596000  410       4       sun.awt.image.PNGImageDecoder::filterRow (459 bytes)

GC Heap History (0 events):
No events

Deoptimization events (1 events):
Event: 0.726 Thread 0x000000000310d800 Uncommon trap: reason=null_check action=make_not_entrant pc=0x000000000348d61c method=java.lang.String.equals(Ljava/lang/Object;)Z @ 8

Internal exceptions (10 events):
Event: 0.920 Thread 0x000000000310d800 Exception <a 'java/lang/ClassNotFoundException': ToolBar> (0x00000000db15e8c0) thrown at [C:\re\workspace\8-2-build-windows-amd64-cygwin\jdk8u121\8372\hotspot\src\share\vm\classfile\systemDictionary.cpp, line 210]
Event: 0.920 Thread 0x000000000310d800 Exception <a 'java/lang/ClassNotFoundException': ToggleButton> (0x00000000db15ee70) thrown at [C:\re\workspace\8-2-build-windows-amd64-cygwin\jdk8u121\8372\hotspot\src\share\vm\classfile\systemDictionary.cpp, line 210]
Event: 0.921 Thread 0x000000000310d800 Exception <a 'java/lang/ClassNotFoundException': javax/swing/JToolBarSeparator> (0x00000000db15f2d0) thrown at [C:\re\workspace\8-2-build-windows-amd64-cygwin\jdk8u121\8372\hotspot\src\share\vm\classfile\systemDictionary.cpp, line 210]
Event: 0.921 Thread 0x000000000310d800 Exception <a 'java/lang/ClassNotFoundException': ToolBarSeparator> (0x00000000db15f768) thrown at [C:\re\workspace\8-2-build-windows-amd64-cygwin\jdk8u121\8372\hotspot\src\share\vm\classfile\systemDictionary.cpp, line 210]
Event: 0.922 Thread 0x000000000310d800 Exception <a 'java/lang/ClassNotFoundException': ToolTip> (0x00000000db15fea8) thrown at [C:\re\workspace\8-2-build-windows-amd64-cygwin\jdk8u121\8372\hotspot\src\share\vm\classfile\systemDictionary.cpp, line 210]
Event: 0.925 Thread 0x000000000310d800 Exception <a 'java/lang/ClassNotFoundException': Tree> (0x00000000db160ac8) thrown at [C:\re\workspace\8-2-build-windows-amd64-cygwin\jdk8u121\8372\hotspot\src\share\vm\classfile\systemDictionary.cpp, line 210]
Event: 0.926 Thread 0x000000000310d800 Exception <a 'java/lang/ClassNotFoundException': Tree> (0x00000000db161208) thrown at [C:\re\workspace\8-2-build-windows-amd64-cygwin\jdk8u121\8372\hotspot\src\share\vm\classfile\systemDictionary.cpp, line 210]
Event: 0.926 Thread 0x000000000310d800 Exception <a 'java/lang/ClassNotFoundException': javax/swing/JTreeCell> (0x00000000db161588) thrown at [C:\re\workspace\8-2-build-windows-amd64-cygwin\jdk8u121\8372\hotspot\src\share\vm\classfile\systemDictionary.cpp, line 210]
Event: 0.926 Thread 0x000000000310d800 Exception <a 'java/lang/ClassNotFoundException': TreeCell> (0x00000000db161a10) thrown at [C:\re\workspace\8-2-build-windows-amd64-cygwin\jdk8u121\8372\hotspot\src\share\vm\classfile\systemDictionary.cpp, line 210]
Event: 0.928 Thread 0x000000000310d800 Exception <a 'java/lang/ClassNotFoundException': RootPane> (0x00000000db162470) thrown at [C:\re\workspace\8-2-build-windows-amd64-cygwin\jdk8u121\8372\hotspot\src\share\vm\classfile\systemDictionary.cpp, line 210]

Events (10 events):
Event: 1.523 loading class java/awt/event/FocusAdapter
Event: 1.523 loading class java/awt/event/FocusAdapter done
Event: 1.525 loading class java/util/concurrent/locks/LockSupport
Event: 1.525 loading class java/util/concurrent/locks/LockSupport done
Event: 1.528 loading class frontend/testBackground$2
Event: 1.528 loading class frontend/testBackground$2 done
Event: 1.584 Thread 0x000000001a089800 DEOPT PACKING pc=0x00000000034fc595 sp=0x000000001ff6f130
Event: 1.584 Thread 0x000000001a089800 DEOPT UNPACKING pc=0x000000000335747f sp=0x000000001ff6ee58 mode 0
Event: 1.590 Thread 0x000000001a089800 DEOPT PACKING pc=0x00000000034fc595 sp=0x000000001ff6f130
Event: 1.590 Thread 0x000000001a089800 DEOPT UNPACKING pc=0x000000000335747f sp=0x000000001ff6ee58 mode 0


Dynamic libraries:
0x00007ff6ed160000 - 0x00007ff6ed197000 	C:\Program Files\Java\jdk1.8.0_121\bin\java.exe
0x00007ff8a6a80000 - 0x00007ff8a6c70000 	C:\WINDOWS\SYSTEM32\ntdll.dll
0x00007ff8a62a0000 - 0x00007ff8a6352000 	C:\WINDOWS\System32\KERNEL32.DLL
0x00007ff8a42a0000 - 0x00007ff8a4545000 	C:\WINDOWS\System32\KERNELBASE.dll
0x00007ff8a4c40000 - 0x00007ff8a4ce3000 	C:\WINDOWS\System32\ADVAPI32.dll
0x00007ff8a6440000 - 0x00007ff8a64de000 	C:\WINDOWS\System32\msvcrt.dll
0x00007ff8a53e0000 - 0x00007ff8a5477000 	C:\WINDOWS\System32\sechost.dll
0x00007ff8a5630000 - 0x00007ff8a5750000 	C:\WINDOWS\System32\RPCRT4.dll
0x00007ff8a5bb0000 - 0x00007ff8a5d44000 	C:\WINDOWS\System32\USER32.dll
0x00007ff8a4180000 - 0x00007ff8a41a1000 	C:\WINDOWS\System32\win32u.dll
0x00007ff8a6360000 - 0x00007ff8a6386000 	C:\WINDOWS\System32\GDI32.dll
0x00007ff8a4680000 - 0x00007ff8a4816000 	C:\WINDOWS\System32\gdi32full.dll
0x00007ff8a41b0000 - 0x00007ff8a424e000 	C:\WINDOWS\System32\msvcp_win.dll
0x00007ff8a4580000 - 0x00007ff8a467a000 	C:\WINDOWS\System32\ucrtbase.dll
0x00007ff893050000 - 0x00007ff8932d4000 	C:\WINDOWS\WinSxS\amd64_microsoft.windows.common-controls_6595b64144ccf1df_6.0.18362.1256_none_9e7e379be45e40e2\COMCTL32.dll
0x00007ff8a5f60000 - 0x00007ff8a6296000 	C:\WINDOWS\System32\combase.dll
0x00007ff8a4820000 - 0x00007ff8a48a1000 	C:\WINDOWS\System32\bcryptPrimitives.dll
0x00007ff8a63b0000 - 0x00007ff8a63de000 	C:\WINDOWS\System32\IMM32.DLL
0x000000006b900000 - 0x000000006b9d2000 	C:\Program Files\Java\jdk1.8.0_121\jre\bin\msvcr100.dll
0x0000000069b80000 - 0x000000006a41b000 	C:\Program Files\Java\jdk1.8.0_121\jre\bin\server\jvm.dll
0x00007ff8a5750000 - 0x00007ff8a5758000 	C:\WINDOWS\System32\PSAPI.DLL
0x00007ff89d960000 - 0x00007ff89d969000 	C:\WINDOWS\SYSTEM32\WSOCK32.dll
0x00007ff8a5d50000 - 0x00007ff8a5dbf000 	C:\WINDOWS\System32\WS2_32.dll
0x00007ff8a1980000 - 0x00007ff8a19a4000 	C:\WINDOWS\SYSTEM32\WINMM.dll
0x00007ff89c320000 - 0x00007ff89c32a000 	C:\WINDOWS\SYSTEM32\VERSION.dll
0x00007ff8a1950000 - 0x00007ff8a197d000 	C:\WINDOWS\SYSTEM32\WINMMBASE.dll
0x00007ff8a4250000 - 0x00007ff8a429a000 	C:\WINDOWS\System32\cfgmgr32.dll
0x000000006b8b0000 - 0x000000006b8bf000 	C:\Program Files\Java\jdk1.8.0_121\jre\bin\verify.dll
0x0000000069b50000 - 0x0000000069b79000 	C:\Program Files\Java\jdk1.8.0_121\jre\bin\java.dll
0x0000000069b30000 - 0x0000000069b46000 	C:\Program Files\Java\jdk1.8.0_121\jre\bin\zip.dll
0x00007ff8a4cf0000 - 0x00007ff8a53d7000 	C:\WINDOWS\System32\SHELL32.dll
0x00007ff8a4b90000 - 0x00007ff8a4c39000 	C:\WINDOWS\System32\shcore.dll
0x00007ff8a39f0000 - 0x00007ff8a4171000 	C:\WINDOWS\System32\windows.storage.dll
0x00007ff8a3950000 - 0x00007ff8a3973000 	C:\WINDOWS\System32\profapi.dll
0x00007ff8a3980000 - 0x00007ff8a39ca000 	C:\WINDOWS\System32\powrprof.dll
0x00007ff8a3920000 - 0x00007ff8a3930000 	C:\WINDOWS\System32\UMPDC.dll
0x00007ff8a4b30000 - 0x00007ff8a4b82000 	C:\WINDOWS\System32\shlwapi.dll
0x00007ff8a3930000 - 0x00007ff8a3941000 	C:\WINDOWS\System32\kernel.appcore.dll
0x00007ff8a4960000 - 0x00007ff8a4977000 	C:\WINDOWS\System32\cryptsp.dll
0x0000000069950000 - 0x0000000069ae8000 	C:\Program Files\Java\jdk1.8.0_121\jre\bin\awt.dll
0x00007ff8a5e90000 - 0x00007ff8a5f55000 	C:\WINDOWS\System32\OLEAUT32.dll
0x00007ff8a1a80000 - 0x00007ff8a1b0f000 	C:\WINDOWS\SYSTEM32\apphelp.dll
0x00007ff8a1c40000 - 0x00007ff8a1cd9000 	C:\WINDOWS\system32\uxtheme.dll
0x00007ff8a5a70000 - 0x00007ff8a5ba5000 	C:\WINDOWS\System32\MSCTF.dll
0x00007ff8a5760000 - 0x00007ff8a58b7000 	C:\WINDOWS\System32\ole32.dll
0x00007ff8a1d50000 - 0x00007ff8a1d7d000 	C:\WINDOWS\system32\DWMAPI.DLL
0x0000000069900000 - 0x0000000069947000 	C:\Program Files\Java\jdk1.8.0_121\jre\bin\fontmanager.dll
0x00007ff87a890000 - 0x00007ff87a9e6000 	C:\WINDOWS\system32\opengl32.dll
0x00007ff894320000 - 0x00007ff89434c000 	C:\WINDOWS\SYSTEM32\GLU32.dll
0x00007ff8a2560000 - 0x00007ff8a2580000 	C:\WINDOWS\SYSTEM32\dxcore.dll
0x00007ff841700000 - 0x00007ff8418c7000 	C:\WINDOWS\system32\d3d9.dll
0x00007ff89c330000 - 0x00007ff89c493000 	C:\WINDOWS\SYSTEM32\aticfx64.dll
0x00007ff8426b0000 - 0x00007ff8426d1000 	C:\WINDOWS\SYSTEM32\atiu9p64.dll
0x00007ff840ea0000 - 0x00007ff8416f9000 	C:\WINDOWS\SYSTEM32\atiumd64.dll
0x000000006a750000 - 0x000000006afd6000 	C:\WINDOWS\SYSTEM32\atiumd6a.dll
0x0000000069b10000 - 0x0000000069b2a000 	C:\Program Files\Java\jdk1.8.0_121\jre\bin\net.dll
0x00007ff8a3170000 - 0x00007ff8a31d7000 	C:\WINDOWS\system32\mswsock.dll
0x0000000069af0000 - 0x0000000069b01000 	C:\Program Files\Java\jdk1.8.0_121\jre\bin\nio.dll
0x00000000698b0000 - 0x00000000698f2000 	C:\Program Files\Java\jdk1.8.0_121\jre\bin\t2k.dll

VM Arguments:
jvm_args: -Dfile.encoding=UTF-8 
java_command: frontend.testBackground
java_class_path (initial): C:\Program Files\NetBeans 8.2\ide\modules\ext\mysql-connector-java-5.1.23-bin.jar;C:\Program Files\NetBeans 8.2\java\modules\ext\AbsoluteLayout.jar;D:\TA\tavern\build\classes
Launcher Type: SUN_STANDARD

Environment Variables:
PATH=C:\Program Files (x86)\Common Files\Intel\Shared Files\cpp\bin\Intel64;C:\ProgramData\Oracle\Java\javapath;C:\WINDOWS\system32;C:\WINDOWS;C:\WINDOWS\System32\Wbem;C:\WINDOWS\System32\WindowsPowerShell\v1.0\;c:\Program Files (x86)\Microsoft SQL Server\100\Tools\Binn\;c:\Program Files\Microsoft SQL Server\100\Tools\Binn\;c:\Program Files\Microsoft SQL Server\100\DTS\Binn\;C:\Program Files (x86)\AMD\ATI.ACE\Core-Static;C:\Program Files\Java\jdk1.8.0_121\bin;C:\Users\SIGMA\AppData\Local\Android\sdk\platform-tools;C:\Program Files\nodejs\;C:\WINDOWS\System32\OpenSSH\;C:\Program Files (x86)\Yarn\bin\;C:\Program Files\Microsoft SQL Server\Client SDK\ODBC\130\Tools\Binn\;C:\Program Files (x86)\Microsoft SQL Server\140\Tools\Binn\;C:\Program Files\Microsoft SQL Server\140\Tools\Binn\;C:\Program Files\Microsoft SQL Server\140\DTS\Binn\;C:\xampp\php;C:\ProgramData\ComposerSetup\bin;C:\Program Files (x86)\Microsoft SQL Server\150\DTS\Binn\;C:\Users\SIGMA\AppData\Roaming\Composer\vendor\bin;C:\Program Files\PuTTY\;C:\xampp\mysql\bin;C:\Program Files\Git\cmd;C:\Users\SIGMA\AppData\Local\Microsoft\WindowsApps;C:\Users\SIGMA\AppData\Roaming\npm;C:\Users\SIGMA\AppData\Local\Programs\Microsoft VS Code\bin;C:\Users\SIGMA\AppData\Local\Yarn\bin;C:\xampp\php;C:\Users\SIGMA\AppData\Roaming\Composer\vendor\bin
USERNAME=SIGMA
OS=Windows_NT
PROCESSOR_IDENTIFIER=AMD64 Family 22 Model 48 Stepping 1, AuthenticAMD



---------------  S Y S T E M  ---------------

OS: Windows 10.0 , 64 bit Build 18362 (10.0.18362.1110)

CPU:total 4 (4 cores per cpu, 1 threads per core) family 22 model 48 stepping 1, cmov, cx8, fxsr, mmx, sse, sse2, sse3, ssse3, sse4.1, sse4.2, popcnt, avx, aes, clmul, mmxext, 3dnowpref, lzcnt, sse4a, tsc, tscinvbit, tscinv, bmi1

Memory: 4k page, physical 7303540k(2127372k free), swap 20039536k(1424k free)

vm_info: Java HotSpot(TM) 64-Bit Server VM (25.121-b13) for windows-amd64 JRE (1.8.0_121-b13), built on Dec 12 2016 18:21:36 by "java_re" with MS VC++ 10.0 (VS2010)

time: Mon Jan 11 09:13:54 2021
elapsed time: 1 seconds (0d 0h 0m 1s)

